# JRE version: Java(TM) SE Runtime Environment (8.0_25-b18) (build 1.8.0_25-b18)
# Java VM: Java HotSpot(TM) 64-Bit Server VM (25.25-b02 mixed mode windows-amd64 compressed oops)
Heap:
 PSYoungGen      total 29184K, used 9958K [0x000000076b400000, 0x000000076e080000, 0x00000007c0000000)
  eden space 12800K, 0% used [0x000000076b400000,0x000000076b400000,0x000000076c080000)
  from space 16384K, 60% used [0x000000076d080000,0x000000076da39810,0x000000076e080000)
  to   space 16384K, 0% used [0x000000076c080000,0x000000076c080000,0x000000076d080000)
 ParOldGen       total 2206720K, used 2206271K [0x00000006c1c00000, 0x0000000748700000, 0x000000076b400000)
  object space 2206720K, 99% used [0x00000006c1c00000,0x000000074868ff80,0x0000000748700000)
 Metaspace       used 14180K, capacity 14384K, committed 14464K, reserved 1062912K
  class space    used 1303K, capacity 1390K, committed 1408K, reserved 1048576K
GC Heap History (10 events):
Event: 137671.895 GC heap after
Heap after GC invocations=3792 (full 66):
 PSYoungGen      total 29696K, used 10907K [0x000000076b400000, 0x000000076e180000, 0x00000007c0000000)
  eden space 12800K, 0% used [0x000000076b400000,0x000000076b400000,0x000000076c080000)
  from space 16896K, 64% used [0x000000076d100000,0x000000076dba6f10,0x000000076e180000)
  to   space 16896K, 0% used [0x000000076c080000,0x000000076c080000,0x000000076d100000)
 ParOldGen       total 2206720K, used 2203015K [0x00000006c1c00000, 0x0000000748700000, 0x000000076b400000)
  object space 2206720K, 99% used [0x00000006c1c00000,0x0000000748361f80,0x0000000748700000)
 Metaspace       used 14180K, capacity 14384K, committed 14464K, reserved 1062912K
  class space    used 1303K, capacity 1390K, committed 1408K, reserved 1048576K
}
Event: 137711.205 GC heap before
{Heap before GC invocations=3793 (full 66):
 PSYoungGen      total 29696K, used 23626K [0x000000076b400000, 0x000000076e180000, 0x00000007c0000000)
  eden space 12800K, 99% used [0x000000076b400000,0x000000076c06bb40,0x000000076c080000)
  from space 16896K, 64% used [0x000000076d100000,0x000000076dba6f10,0x000000076e180000)
  to   space 16896K, 0% used [0x000000076c080000,0x000000076c080000,0x000000076d100000)
 ParOldGen       total 2206720K, used 2203015K [0x00000006c1c00000, 0x0000000748700000, 0x000000076b400000)
  object space 2206720K, 99% used [0x00000006c1c00000,0x0000000748361f80,0x0000000748700000)
 Metaspace       used 14180K, capacity 14384K, committed 14464K, reserved 1062912K
  class space    used 1303K, capacity 1390K, committed 1408K, reserved 1048576K
Event: 137711.217 GC heap after
Heap after GC invocations=3793 (full 66):
 PSYoungGen      total 29696K, used 10498K [0x000000076b400000, 0x000000076e180000, 0x00000007c0000000)
  eden space 12800K, 0% used [0x000000076b400000,0x000000076b400000,0x000000076c080000)
  from space 16896K, 62% used [0x000000076c080000,0x000000076cac0bb8,0x000000076d100000)
  to   space 16896K, 0% used [0x000000076d100000,0x000000076d100000,0x000000076e180000)
 ParOldGen       total 2206720K, used 2203935K [0x00000006c1c00000, 0x0000000748700000, 0x000000076b400000)
  object space 2206720K, 99% used [0x00000006c1c00000,0x0000000748447f80,0x0000000748700000)
 Metaspace       used 14180K, capacity 14384K, committed 14464K, reserved 1062912K
  class space    used 1303K, capacity 1390K, committed 1408K, reserved 1048576K
}
Event: 137733.444 GC heap before
{Heap before GC invocations=3794 (full 66):
 PSYoungGen      total 29696K, used 23279K [0x000000076b400000, 0x000000076e180000, 0x00000007c0000000)
  eden space 12800K, 99% used [0x000000076b400000,0x000000076c07b1c0,0x000000076c080000)
  from space 16896K, 62% used [0x000000076c080000,0x000000076cac0bb8,0x000000076d100000)
  to   space 16896K, 0% used [0x000000076d100000,0x000000076d100000,0x000000076e180000)
 ParOldGen       total 2206720K, used 2203935K [0x00000006c1c00000, 0x0000000748700000, 0x000000076b400000)
  object space 2206720K, 99% used [0x00000006c1c00000,0x0000000748447f80,0x0000000748700000)
 Metaspace       used 14180K, capacity 14384K, committed 14464K, reserved 1062912K
  class space    used 1303K, capacity 1390K, committed 1408K, reserved 1048576K
Event: 137733.456 GC heap after
Heap after GC invocations=3794 (full 66):
 PSYoungGen      total 29696K, used 10454K [0x000000076b400000, 0x000000076e180000, 0x00000007c0000000)
  eden space 12800K, 0% used [0x000000076b400000,0x000000076b400000,0x000000076c080000)
  from space 16896K, 61% used [0x000000076d100000,0x000000076db35828,0x000000076e180000)
  to   space 16896K, 0% used [0x000000076c080000,0x000000076c080000,0x000000076d100000)
 ParOldGen       total 2206720K, used 2204535K [0x00000006c1c00000, 0x0000000748700000, 0x000000076b400000)
  object space 2206720K, 99% used [0x00000006c1c00000,0x00000007484ddf80,0x0000000748700000)
 Metaspace       used 14180K, capacity 14384K, committed 14464K, reserved 1062912K
  class space    used 1303K, capacity 1390K, committed 1408K, reserved 1048576K
}
Event: 137789.860 GC heap before
{Heap before GC invocations=3795 (full 66):
 PSYoungGen      total 29696K, used 23254K [0x000000076b400000, 0x000000076e180000, 0x00000007c0000000)
  eden space 12800K, 100% used [0x000000076b400000,0x000000076c080000,0x000000076c080000)
  from space 16896K, 61% used [0x000000076d100000,0x000000076db35828,0x000000076e180000)
  to   space 16896K, 0% used [0x000000076c080000,0x000000076c080000,0x000000076d100000)
 ParOldGen       total 2206720K, used 2204535K [0x00000006c1c00000, 0x0000000748700000, 0x000000076b400000)
  object space 2206720K, 99% used [0x00000006c1c00000,0x00000007484ddf80,0x0000000748700000)
 Metaspace       used 14180K, capacity 14384K, committed 14464K, reserved 1062912K
  class space    used 1303K, capacity 1390K, committed 1408K, reserved 1048576K
Event: 137789.873 GC heap after
Heap after GC invocations=3795 (full 66):
 PSYoungGen      total 23552K, used 10577K [0x000000076b400000, 0x000000076e080000, 0x00000007c0000000)
  eden space 12800K, 0% used [0x000000076b400000,0x000000076b400000,0x000000076c080000)
  from space 10752K, 98% used [0x000000076c080000,0x000000076cad46d0,0x000000076cb00000)
  to   space 16384K, 0% used [0x000000076d080000,0x000000076d080000,0x000000076e080000)
 ParOldGen       total 2206720K, used 2205127K [0x00000006c1c00000, 0x0000000748700000, 0x000000076b400000)
  object space 2206720K, 99% used [0x00000006c1c00000,0x0000000748571f80,0x0000000748700000)
 Metaspace       used 14180K, capacity 14384K, committed 14464K, reserved 1062912K
  class space    used 1303K, capacity 1390K, committed 1408K, reserved 1048576K
}
Event: 137819.546 GC heap before
{Heap before GC invocations=3796 (full 66):
 PSYoungGen      total 23552K, used 23377K [0x000000076b400000, 0x000000076e080000, 0x00000007c0000000)
  eden space 12800K, 100% used [0x000000076b400000,0x000000076c080000,0x000000076c080000)
  from space 10752K, 98% used [0x000000076c080000,0x000000076cad46d0,0x000000076cb00000)
  to   space 16384K, 0% used [0x000000076d080000,0x000000076d080000,0x000000076e080000)
 ParOldGen       total 2206720K, used 2205127K [0x00000006c1c00000, 0x0000000748700000, 0x000000076b400000)
  object space 2206720K, 99% used [0x00000006c1c00000,0x0000000748571f80,0x0000000748700000)
 Metaspace       used 14180K, capacity 14384K, committed 14464K, reserved 1062912K
  class space    used 1303K, capacity 1390K, committed 1408K, reserved 1048576K
Event: 137819.557 GC heap after
Heap after GC invocations=3796 (full 66):
 PSYoungGen      total 29184K, used 9958K [0x000000076b400000, 0x000000076e080000, 0x00000007c0000000)
  eden space 12800K, 0% used [0x000000076b400000,0x000000076b400000,0x000000076c080000)
  from space 16384K, 60% used [0x000000076d080000,0x000000076da39810,0x000000076e080000)
  to   space 16384K, 0% used [0x000000076c080000,0x000000076c080000,0x000000076d080000)
 ParOldGen       total 2206720K, used 2206271K [0x00000006c1c00000, 0x0000000748700000, 0x000000076b400000)
  object space 2206720K, 99% used [0x00000006c1c00000,0x000000074868ff80,0x0000000748700000)
 Metaspace       used 14180K, capacity 14384K, committed 14464K, reserved 1062912K
  class space    used 1303K, capacity 1390K, committed 1408K, reserved 1048576K
}
Event: 137819.558 GC heap before
{Heap before GC invocations=3797 (full 67):
 PSYoungGen      total 29184K, used 9958K [0x000000076b400000, 0x000000076e080000, 0x00000007c0000000)
  eden space 12800K, 0% used [0x000000076b400000,0x000000076b400000,0x000000076c080000)
  from space 16384K, 60% used [0x000000076d080000,0x000000076da39810,0x000000076e080000)
  to   space 16384K, 0% used [0x000000076c080000,0x000000076c080000,0x000000076d080000)
 ParOldGen       total 2206720K, used 2206271K [0x00000006c1c00000, 0x0000000748700000, 0x000000076b400000)
  object space 2206720K, 99% used [0x00000006c1c00000,0x000000074868ff80,0x0000000748700000)
 Metaspace       used 14180K, capacity 14384K, committed 14464K, reserved 1062912K
  class space    used 1303K, capacity 1390K, committed 1408K, reserved 1048576K

